#
# A fatal error has been detected by the Java Runtime Environment:
#
#  Internal Error (javaClasses.cpp:126), pid=1568, tid=6876
#  fatal error: Invalid layout of preloaded class
#
# JRE version:  (8.0_25-b18) (build )
# Java VM: Java HotSpot(TM) 64-Bit Server VM (25.25-b02 mixed mode windows-amd64 compressed oops)
# Failed to write core dump. Minidumps are not enabled by default on client versions of Windows
#
# If you would like to submit a bug report, please visit:
#   http://bugreport.sun.com/bugreport/crash.jsp
#

---------------  T H R E A D  ---------------

Current thread (0x0000000002b32800):  JavaThread "Unknown thread" [_thread_in_vm, id=6876, stack(0x00000000012c0000,0x00000000013c0000)]

Stack: [0x00000000012c0000,0x00000000013c0000]
Native frames: (J=compiled Java code, j=interpreted, Vv=VM code, C=native code)
V  [jvm.dll+0x31667a]
V  [jvm.dll+0x267073]
V  [jvm.dll+0x267cb3]
V  [jvm.dll+0x25f536]
V  [jvm.dll+0x5e773]
V  [jvm.dll+0x5e863]
V  [jvm.dll+0x731ca]
V  [jvm.dll+0x73528]
V  [jvm.dll+0xe48b7]
V  [jvm.dll+0xe4c46]
V  [jvm.dll+0x1f9ae7]
V  [jvm.dll+0x22b2e4]
V  [jvm.dll+0x14d571]
C  [javaw.exe+0x20c6]
C  [javaw.exe+0xc9eb]
C  [javaw.exe+0xca7f]
C  [KERNEL32.DLL+0x13d2]
C  [ntdll.dll+0x6e954]


---------------  P R O C E S S  ---------------

Java Threads: ( => current thread )

Other Threads:

=>0x0000000002b32800 (exited) JavaThread "Unknown thread" [_thread_in_vm, id=6876, stack(0x00000000012c0000,0x00000000013c0000)]

VM state:not at safepoint (not fully initialized)

VM Mutex/Monitor currently owned by a thread: None

GC Heap History (0 events):
No events

Deoptimization events (0 events):
No events

Internal exceptions (0 events):
No events

Events (10 events):
Event: 0.020 loading class java/lang/CharSequence done
Event: 0.021 loading class java/lang/String done
Event: 0.021 loading class java/lang/Class
Event: 0.021 loading class java/lang/reflect/AnnotatedElement
Event: 0.048 loading class java/lang/reflect/AnnotatedElement done
Event: 0.048 loading class java/lang/reflect/GenericDeclaration
Event: 0.049 loading class java/lang/reflect/GenericDeclaration done
Event: 0.049 loading class java/lang/reflect/Type
Event: 0.061 loading class java/lang/reflect/Type done
Event: 0.062 loading class java/lang/Class done


Dynamic libraries:
0x00007ff6d7030000 - 0x00007ff6d7064000 	C:\Program Files\Java\jre1.8.0_25\bin\javaw.exe
0x00007ffcf29b0000 - 0x00007ffcf2b5c000 	C:\WINDOWS\SYSTEM32\ntdll.dll
0x00007ffcf2870000 - 0x00007ffcf29ae000 	C:\WINDOWS\system32\KERNEL32.DLL
0x00007ffcefe00000 - 0x00007ffceff15000 	C:\WINDOWS\system32\KERNELBASE.dll
0x00007ffcee6b0000 - 0x00007ffcee73e000 	C:\WINDOWS\system32\apphelp.dll
0x00007ffce5150000 - 0x00007ffce51a3000 	C:\WINDOWS\AppPatch\AppPatch64\AcGenral.DLL
0x00007ffcf12a0000 - 0x00007ffcf134a000 	C:\WINDOWS\system32\msvcrt.dll
0x00007ffcef9a0000 - 0x00007ffcef9ce000 	C:\WINDOWS\SYSTEM32\SspiCli.dll
0x00007ffcf10d0000 - 0x00007ffcf1124000 	C:\WINDOWS\system32\SHLWAPI.dll
0x00007ffcf0dc0000 - 0x00007ffcf0f37000 	C:\WINDOWS\system32\USER32.dll
0x00007ffcf04b0000 - 0x00007ffcf0644000 	C:\WINDOWS\system32\ole32.dll
0x00007ffcf1350000 - 0x00007ffcf2868000 	C:\WINDOWS\system32\SHELL32.dll
0x00007ffcef0a0000 - 0x00007ffcef0c1000 	C:\WINDOWS\SYSTEM32\USERENV.dll
0x00007ffcf11f0000 - 0x00007ffcf129a000 	C:\WINDOWS\system32\ADVAPI32.dll
0x00007ffce0180000 - 0x00007ffce019e000 	C:\WINDOWS\SYSTEM32\MPR.dll
0x00007ffcf0f50000 - 0x00007ffcf1091000 	C:\WINDOWS\system32\RPCRT4.dll
0x00007ffcf02c0000 - 0x00007ffcf0319000 	C:\WINDOWS\SYSTEM32\sechost.dll
0x00007ffcf0650000 - 0x00007ffcf0861000 	C:\WINDOWS\SYSTEM32\combase.dll
0x00007ffcf0a50000 - 0x00007ffcf0ba1000 	C:\WINDOWS\system32\GDI32.dll
0x00007ffcefb00000 - 0x00007ffcefb15000 	C:\WINDOWS\SYSTEM32\profapi.dll
0x00007ffcedea0000 - 0x00007ffcedf52000 	C:\WINDOWS\SYSTEM32\SHCORE.dll
0x00007ffcf0120000 - 0x00007ffcf0156000 	C:\WINDOWS\system32\IMM32.DLL
0x00007ffcf0160000 - 0x00007ffcf02b1000 	C:\WINDOWS\system32\MSCTF.dll
0x00007ffced750000 - 0x00007ffced9cb000 	C:\WINDOWS\WinSxS\amd64_microsoft.windows.common-controls_6595b64144ccf1df_6.0.9600.17415_none_6240486fecbd8abb\COMCTL32.dll
0x00000000503d0000 - 0x00000000504a2000 	C:\Program Files\Java\jre1.8.0_25\bin\msvcr100.dll
0x0000000076560000 - 0x0000000076dba000 	C:\Program Files\Java\jre1.8.0_25\bin\server\jvm.dll
0x00007ffce7120000 - 0x00007ffce7129000 	C:\WINDOWS\SYSTEM32\WSOCK32.dll
0x00007ffce7360000 - 0x00007ffce7382000 	C:\WINDOWS\SYSTEM32\WINMM.dll
0x00007ffcf10a0000 - 0x00007ffcf10a7000 	C:\WINDOWS\system32\PSAPI.DLL
0x00007ffcf0050000 - 0x00007ffcf00aa000 	C:\WINDOWS\system32\WS2_32.dll
0x00007ffce72a0000 - 0x00007ffce72ca000 	C:\WINDOWS\SYSTEM32\WINMMBASE.dll
0x00007ffcf0040000 - 0x00007ffcf0049000 	C:\WINDOWS\system32\NSI.dll
0x00007ffcefbd0000 - 0x00007ffcefc1f000 	C:\WINDOWS\SYSTEM32\cfgmgr32.dll
0x00007ffcee9c0000 - 0x00007ffcee9e8000 	C:\WINDOWS\SYSTEM32\DEVOBJ.dll
0x0000000050da0000 - 0x0000000050daf000 	C:\Program Files\Java\jre1.8.0_25\bin\verify.dll
0x00000000503a0000 - 0x00000000503c8000 	C:\Program Files\Java\jre1.8.0_25\bin\java.dll
0x0000000050380000 - 0x0000000050396000 	C:\Program Files\Java\jre1.8.0_25\bin\zip.dll
0x00007ffcec500000 - 0x00007ffcec68a000 	C:\WINDOWS\SYSTEM32\dbghelp.dll

VM Arguments:
jvm_args: -Dfile.encoding=Cp1252 -Xbootclasspath:C:\Users\Ryuuven\android-sdks\platforms\android-21\android.jar;C:\Users\Ryuuven\android-sdks\add-ons\addon-google_apis-google-21\libs\usb.jar;C:\Users\Ryuuven\android-sdks\add-ons\addon-google_apis-google-21\libs\effects.jar;C:\Users\Ryuuven\android-sdks\add-ons\addon-google_apis-google-21\libs\maps.jar 
java_command: com.example.application_geoloc.JDBC
java_class_path (initial): C:\Users\Ryuuven\Desktop\BTS SIO\Eclispe\Project\Application_geoloc\bin\classes;C:\Users\Ryuuven\Desktop\BTS SIO\Eclispe\Project\appcompat_v7\libs\android-support-v4.jar;C:\Users\Ryuuven\Desktop\BTS SIO\Eclispe\Project\appcompat_v7\libs\android-support-v7-appcompat.jar;C:\Users\Ryuuven\Desktop\BTS SIO\Eclispe\Project\appcompat_v7\bin\appcompat_v7.jar
Launcher Type: SUN_STANDARD

Environment Variables:
PATH=C:\ProgramData\Oracle\Java\javapath;C:\Program Files (x86)\NVIDIA Corporation\PhysX\Common;C:\Program Files (x86)\Intel\iCLS Client\;C:\Program Files\Intel\iCLS Client\;C:\Program Files (x86)\AMD APP\bin\x86_64;C:\Program Files (x86)\AMD APP\bin\x86;C:\WINDOWS\system32;C:\WINDOWS;C:\WINDOWS\System32\Wbem;C:\WINDOWS\System32\WindowsPowerShell\v1.0\;C:\Program Files (x86)\ATI Technologies\ATI.ACE\Core-Static;C:\Program Files\Intel\Intel(R) Management Engine Components\DAL;C:\Program Files\Intel\Intel(R) Management Engine Components\IPT;C:\Program Files (x86)\Intel\Intel(R) Management Engine Components\DAL;C:\Program Files (x86)\Intel\Intel(R) Management Engine Components\IPT;C:\Program Files\Microsoft SQL Server\110\Tools\Binn\;c:\Program Files (x86)\Microsoft SQL Server\100\Tools\Binn\;c:\Program Files\Microsoft SQL Server\100\Tools\Binn\;c:\Program Files\Microsoft SQL Server\100\DTS\Binn\;C:\wamp\bin\php\php5.5.12
USERNAME=Ryuuven
OS=Windows_NT
PROCESSOR_IDENTIFIER=Intel64 Family 6 Model 58 Stepping 9, GenuineIntel



---------------  S Y S T E M  ---------------

OS: Windows 8.1 , 64 bit Build 9600 

CPU:total 4 (2 cores per cpu, 2 threads per core) family 6 model 58 stepping 9, cmov, cx8, fxsr, mmx, sse, sse2, sse3, ssse3, sse4.1, sse4.2, popcnt, avx, clmul, erms, ht, tsc, tscinvbit, tscinv

Memory: 4k page, physical 6180348k(1683080k free), swap 7425536k(1125072k free)

vm_info: Java HotSpot(TM) 64-Bit Server VM (25.25-b02) for windows-amd64 JRE (1.8.0_25-b18), built on Oct  7 2014 14:25:37 by "java_re" with MS VC++ 10.0 (VS2010)

time: Thu Mar 26 10:28:52 2015
elapsed time: 0 seconds (0d 0h 0m 0s)

